<?xml version="1.0" encoding="UTF-8"?>
<!-- Generated by org.testng.reporters.JUnitXMLReporter -->
<testsuite ignored="0" hostname="LAPTOP-NFKIMDFC" failures="0" tests="8" name="Default test" time="98.021" errors="0" timestamp="2023-05-17T18:00:14 IST">
  <testcase classname="testcase.Smoketest_Adminapp" name="adminlogin" time="6.455"/>
  <testcase classname="testcase.Smoketest_Adminapp" name="facultycreate" time="18.172"/>
  <testcase classname="testcase.Smoketest_Adminapp" name="studentcreate" time="12.732"/>
  <testcase classname="testcase.Smoketest_Adminapp" name="groupcreate" time="12.421"/>
  <testcase classname="testcase.Smoketest_Adminapp" name="groupdelete" time="14.98"/>
  <testcase classname="testcase.Smoketest_Adminapp" name="gradesettingcreate" time="15.084"/>
  <testcase classname="testcase.Smoketest_Adminapp" name="gradesettingdelete" time="10.531"/>
  <testcase classname="testcase.Smoketest_Adminapp" name="signoutstarelabs" time="5.384"/>
</testsuite> <!-- Default test -->
