<?xml version="1.0" encoding="UTF-8"?>
<!-- Generated by org.testng.reporters.JUnitXMLReporter -->
<testsuite ignored="0" hostname="LAPTOP-NFKIMDFC" failures="0" tests="4" name="Default test" time="41.731" errors="0" timestamp="2023-06-15T12:09:36 IST">
  <testcase classname="admintestcase.Smoketest_Adminapp" name="adminlogin" time="6.534"/>
  <testcase classname="admintestcase.Smoketest_Adminapp" name="groupcreate" time="12.734"/>
  <testcase classname="admintestcase.Smoketest_Adminapp" name="groupdelete" time="14.761"/>
  <testcase classname="admintestcase.Smoketest_Adminapp" name="signoutstarelabs" time="5.315"/>
</testsuite> <!-- Default test -->
