<?xml version="1.0" encoding="UTF-8"?>
<!-- Generated by org.testng.reporters.JUnitXMLReporter -->
<testsuite ignored="0" hostname="LAPTOP-NFKIMDFC" failures="0" tests="8" name="Admin Module" time="99.551" errors="0" timestamp="2023-05-18T12:15:52 IST">
  <testcase classname="testcase1.Smoketest_Adminapp" name="adminlogin" time="6.551"/>
  <testcase classname="testcase1.Smoketest_Adminapp" name="facultycreate" time="18.605"/>
  <testcase classname="testcase1.Smoketest_Adminapp" name="studentcreate" time="13.078"/>
  <testcase classname="testcase1.Smoketest_Adminapp" name="groupcreate" time="12.661"/>
  <testcase classname="testcase1.Smoketest_Adminapp" name="groupdelete" time="14.649"/>
  <testcase classname="testcase1.Smoketest_Adminapp" name="gradesettingcreate" time="14.809"/>
  <testcase classname="testcase1.Smoketest_Adminapp" name="gradesettingdelete" time="10.327"/>
  <testcase classname="testcase1.Smoketest_Adminapp" name="signoutstarelabs" time="5.289"/>
</testsuite> <!-- Admin Module -->
