<?xml version="1.0" encoding="UTF-8"?>
<!-- Generated by org.testng.reporters.JUnitXMLReporter -->
<testsuite ignored="0" hostname="LAPTOP-NFKIMDFC" failures="1" tests="2" name="Admin app" time="10.653" errors="0" timestamp="2023-05-11T18:53:49 IST">
  <testcase classname="testcase.Smoketest_Adminapp" name="adminlogin" time="2.493">
    <failure type="java.lang.AssertionError" message="expected [https://dev.digilabs.ai/dashboard1] but found [https://dev.digilabs.ai/dashboard]">
      <![CDATA[java.lang.AssertionError: expected [https://dev.digilabs.ai/dashboard1] but found [https://dev.digilabs.ai/dashboard]
at testcase.Smoketest_Adminapp.adminlogin(Smoketest_Adminapp.java:33)
at java.base/java.util.ArrayList.forEach(ArrayList.java:1511)
... Removed 32 stack frames]]>
    </failure>
  </testcase> <!-- adminlogin -->
  <testcase classname="testcase.Smoketest_Adminapp" name="signoutstarelabs" time="5.258"/>
</testsuite> <!-- Admin app -->
