<?xml version="1.0" encoding="UTF-8"?>
<!-- Generated by org.testng.reporters.JUnitXMLReporter -->
<testsuite ignored="0" hostname="LAPTOP-NFKIMDFC" failures="0" tests="4" name="Student app" time="0.049" errors="0" timestamp="2023-05-11T18:53:38 IST">
  <testcase classname="testcase.Smoketest_Studentapp" name="studentlogin" time="0.0">
    <skipped/>
  </testcase> <!-- studentlogin -->
  <testcase classname="testcase.Smoketest_Studentapp" name="scorecard" time="0.0">
    <skipped/>
  </testcase> <!-- scorecard -->
  <testcase classname="testcase.Smoketest_Studentapp" name="supportnewticket" time="0.0">
    <skipped/>
  </testcase> <!-- supportnewticket -->
  <testcase classname="testcase.Smoketest_Studentapp" name="signoutstarelabs" time="0.0">
    <skipped/>
  </testcase> <!-- signoutstarelabs -->
</testsuite> <!-- Student app -->
