<?xml version="1.0" encoding="UTF-8"?>
<!-- Generated by org.testng.reporters.JUnitXMLReporter -->
<testsuite ignored="0" hostname="LAPTOP-NFKIMDFC" failures="0" tests="4" name="Test" time="40.035" errors="0" timestamp="2023-05-25T18:48:34 IST">
  <testcase classname="testcase.Smoketest_Studentapp" name="studentlogin" time="2.409"/>
  <testcase classname="testcase.Smoketest_Studentapp" name="scorecard" time="16.706"/>
  <testcase classname="testcase.Smoketest_Studentapp" name="supportnewticket" time="13.781"/>
  <testcase classname="testcase.Smoketest_Studentapp" name="signoutstarelabs" time="5.219"/>
</testsuite> <!-- Test -->
