<?xml version="1.0" encoding="UTF-8"?>
<!-- Generated by org.testng.reporters.JUnitXMLReporter -->
<testsuite ignored="0" hostname="LAPTOP-NFKIMDFC" failures="0" tests="4" name="Test" time="39.732" errors="0" timestamp="2023-05-22T16:08:08 IST">
  <testcase classname="testcase.Smoketest_Studentapp" name="studentlogin" time="2.298"/>
  <testcase classname="testcase.Smoketest_Studentapp" name="scorecard" time="16.641"/>
  <testcase classname="testcase.Smoketest_Studentapp" name="supportnewticket" time="13.666"/>
  <testcase classname="testcase.Smoketest_Studentapp" name="signoutstarelabs" time="5.249"/>
</testsuite> <!-- Test -->
