<?xml version="1.0" encoding="UTF-8"?>
<!-- Generated by org.testng.reporters.JUnitXMLReporter -->
<testsuite ignored="0" hostname="LAPTOP-NFKIMDFC" failures="0" tests="4" name="Test" time="44.099" errors="0" timestamp="2023-06-08T12:21:20 IST">
  <testcase classname="testcase.Smoketest_Studentapp" name="studentlogin" time="2.804"/>
  <testcase classname="testcase.Smoketest_Studentapp" name="scorecard" time="17.568"/>
  <testcase classname="testcase.Smoketest_Studentapp" name="supportnewticket" time="14.486"/>
  <testcase classname="testcase.Smoketest_Studentapp" name="signoutstarelabs" time="5.317"/>
</testsuite> <!-- Test -->
