<?xml version="1.0" encoding="UTF-8"?>
<testsuite name="TestSuite" time="386.371" tests="29" errors="0" skipped="0" failures="0">
  <properties>
[...]
</properties>
  <testcase name="studentlogin" classname="testcase.Smoketest_Studentapp" time="3.257"/>
  <testcase name="scorecard" classname="testcase.Smoketest_Studentapp" time="17.173"/>
  <testcase name="supportnewticket" classname="testcase.Smoketest_Studentapp" time="13.821"/>
  <testcase name="signoutstarelabs" classname="testcase.Smoketest_Studentapp" time="5.332"/>
  <testcase name="adminlogin" classname="admintestcase.Smoketest_Adminapp" time="6.467"/>
  <testcase name="facultycreate" classname="admintestcase.Smoketest_Adminapp" time="18.135"/>
  <testcase name="studentcreate" classname="admintestcase.Smoketest_Adminapp" time="12.79"/>
  <testcase name="groupcreate" classname="admintestcase.Smoketest_Adminapp" time="12.505"/>
  <testcase name="groupdelete" classname="admintestcase.Smoketest_Adminapp" time="14.463"/>
  <testcase name="gradesettingcreate" classname="admintestcase.Smoketest_Adminapp" time="15.255"/>
  <testcase name="gradesettingdelete" classname="admintestcase.Smoketest_Adminapp" time="14.613"/>
  <testcase name="labenquiry" classname="admintestcase.Smoketest_Adminapp" time="11.76"/>
  <testcase name="curriculumcreate" classname="admintestcase.Smoketest_Adminapp" time="23.413"/>
  <testcase name="curriculumassign" classname="admintestcase.Smoketest_Adminapp" time="14.684"/>
  <testcase name="materialuploadcurriculum" classname="admintestcase.Smoketest_Adminapp" time="16.628"/>
  <testcase name="learningpathcurriculum" classname="admintestcase.Smoketest_Adminapp" time="17.027"/>
  <testcase name="deletecurriculum" classname="admintestcase.Smoketest_Adminapp" time="12.637"/>
  <testcase name="signoutstarelabs" classname="admintestcase.Smoketest_Adminapp" time="5.307"/>
  <testcase name="adminlogin" classname="facultytestcase.Smoketest_Facultyapp" time="6.595"/>
  <testcase name="studentcreate" classname="facultytestcase.Smoketest_Facultyapp" time="13.177"/>
  <testcase name="groupcreate" classname="facultytestcase.Smoketest_Facultyapp" time="12.436"/>
  <testcase name="groupdelete" classname="facultytestcase.Smoketest_Facultyapp" time="14.675"/>
  <testcase name="labenquiry" classname="facultytestcase.Smoketest_Facultyapp" time="15.173"/>
  <testcase name="curriculumcreate" classname="facultytestcase.Smoketest_Facultyapp" time="23.02"/>
  <testcase name="curriculumassign" classname="facultytestcase.Smoketest_Facultyapp" time="14.669"/>
  <testcase name="materialuploadcurriculum" classname="facultytestcase.Smoketest_Facultyapp" time="16.541"/>
  <testcase name="learningpathcurriculum" classname="facultytestcase.Smoketest_Facultyapp" time="16.84"/>
  <testcase name="deletecurriculum" classname="facultytestcase.Smoketest_Facultyapp" time="12.692"/>
  <testcase name="signoutstarelabs" classname="facultytestcase.Smoketest_Facultyapp" time="5.286"/>
</testsuite>