<?xml version="1.0" encoding="UTF-8"?>
<testng-results ignored="0" total="4" passed="4" failed="0" skipped="0">
  <reporter-output>
  </reporter-output>
  <suite started-at="2023-05-17T18:05:40 IST" name="Suite" finished-at="2023-05-17T18:06:22 IST" duration-ms="42327">
    <groups>
    </groups>
    <test started-at="2023-05-17T18:05:40 IST" name="Test" finished-at="2023-05-17T18:06:22 IST" duration-ms="42327">
      <class name="testcase.Smoketest_Studentapp">
        <test-method is-config="true" signature="initial()[pri:0, instance:testcase.Smoketest_Studentapp@5d47c63f]" started-at="2023-05-17T18:05:40 IST" name="initial" finished-at="2023-05-17T18:05:40 IST" duration-ms="127" status="PASS">
          <reporter-output>
          </reporter-output>
        </test-method> <!-- initial -->
        <test-method is-config="true" signature="setup()[pri:0, instance:testcase.Smoketest_Studentapp@5d47c63f]" started-at="2023-05-17T18:05:40 IST" name="setup" finished-at="2023-05-17T18:05:43 IST" duration-ms="2857" status="PASS">
          <reporter-output>
          </reporter-output>
        </test-method> <!-- setup -->
        <test-method signature="studentlogin()[pri:1, instance:testcase.Smoketest_Studentapp@5d47c63f]" started-at="2023-05-17T18:05:43 IST" name="studentlogin" finished-at="2023-05-17T18:05:45 IST" duration-ms="2381" status="PASS">
          <reporter-output>
          </reporter-output>
        </test-method> <!-- studentlogin -->
        <test-method is-config="true" signature="teardown(org.testng.ITestResult)[pri:0, instance:testcase.Smoketest_Studentapp@5d47c63f]" started-at="2023-05-17T18:05:45 IST" name="teardown" finished-at="2023-05-17T18:05:45 IST" duration-ms="6" status="PASS">
          <params>
            <param index="0">
              <value>
                <![CDATA[[TestResult name=studentlogin status=SUCCESS method=Smoketest_Studentapp.studentlogin()[pri:1, instance:testcase.Smoketest_Studentapp@5d47c63f] output={null}]]]>
              </value>
            </param>
          </params>
          <reporter-output>
          </reporter-output>
        </test-method> <!-- teardown -->
        <test-method signature="scorecard()[pri:2, instance:testcase.Smoketest_Studentapp@5d47c63f]" started-at="2023-05-17T18:05:45 IST" name="scorecard" finished-at="2023-05-17T18:06:03 IST" duration-ms="17354" status="PASS">
          <reporter-output>
          </reporter-output>
        </test-method> <!-- scorecard -->
        <test-method is-config="true" signature="teardown(org.testng.ITestResult)[pri:0, instance:testcase.Smoketest_Studentapp@5d47c63f]" started-at="2023-05-17T18:06:03 IST" name="teardown" finished-at="2023-05-17T18:06:03 IST" duration-ms="1" status="PASS">
          <params>
            <param index="0">
              <value>
                <![CDATA[[TestResult name=scorecard status=SUCCESS method=Smoketest_Studentapp.scorecard()[pri:2, instance:testcase.Smoketest_Studentapp@5d47c63f] output={null}]]]>
              </value>
            </param>
          </params>
          <reporter-output>
          </reporter-output>
        </test-method> <!-- teardown -->
        <test-method signature="supportnewticket()[pri:3, instance:testcase.Smoketest_Studentapp@5d47c63f]" started-at="2023-05-17T18:06:03 IST" name="supportnewticket" finished-at="2023-05-17T18:06:17 IST" duration-ms="14379" status="PASS">
          <reporter-output>
          </reporter-output>
        </test-method> <!-- supportnewticket -->
        <test-method signature="signoutstarelabs()[pri:4, instance:testcase.Smoketest_Studentapp@5d47c63f]" started-at="2023-05-17T18:06:17 IST" name="signoutstarelabs" finished-at="2023-05-17T18:06:22 IST" duration-ms="5319" status="PASS">
          <reporter-output>
          </reporter-output>
        </test-method> <!-- signoutstarelabs -->
        <test-method is-config="true" signature="teardown(org.testng.ITestResult)[pri:0, instance:testcase.Smoketest_Studentapp@5d47c63f]" started-at="2023-05-17T18:06:17 IST" name="teardown" finished-at="2023-05-17T18:06:17 IST" duration-ms="0" status="PASS">
          <params>
            <param index="0">
              <value>
                <![CDATA[[TestResult name=supportnewticket status=SUCCESS method=Smoketest_Studentapp.supportnewticket()[pri:3, instance:testcase.Smoketest_Studentapp@5d47c63f] output={null}]]]>
              </value>
            </param>
          </params>
          <reporter-output>
          </reporter-output>
        </test-method> <!-- teardown -->
        <test-method is-config="true" signature="teardown(org.testng.ITestResult)[pri:0, instance:testcase.Smoketest_Studentapp@5d47c63f]" started-at="2023-05-17T18:06:22 IST" name="teardown" finished-at="2023-05-17T18:06:22 IST" duration-ms="0" status="PASS">
          <params>
            <param index="0">
              <value>
                <![CDATA[[TestResult name=signoutstarelabs status=SUCCESS method=Smoketest_Studentapp.signoutstarelabs()[pri:4, instance:testcase.Smoketest_Studentapp@5d47c63f] output={null}]]]>
              </value>
            </param>
          </params>
          <reporter-output>
          </reporter-output>
        </test-method> <!-- teardown -->
        <test-method is-config="true" signature="tearDown()[pri:0, instance:testcase.Smoketest_Studentapp@5d47c63f]" started-at="2023-05-17T18:06:22 IST" name="tearDown" finished-at="2023-05-17T18:06:23 IST" duration-ms="394" status="PASS">
          <reporter-output>
          </reporter-output>
        </test-method> <!-- tearDown -->
      </class> <!-- testcase.Smoketest_Studentapp -->
    </test> <!-- Test -->
  </suite> <!-- Suite -->
</testng-results>
