<?xml version="1.0" encoding="UTF-8"?>
<testsuite name="TestSuite" time="104.973" tests="8" errors="0" skipped="0" failures="0">
  <properties>
[...]
</properties>
  <testcase name="adminlogin" classname="admintestcase.Smoketest_Adminapp" time="6.475"/>
  <testcase name="facultycreate" classname="admintestcase.Smoketest_Adminapp" time="18.607"/>
  <testcase name="studentcreate" classname="admintestcase.Smoketest_Adminapp" time="12.799"/>
  <testcase name="groupcreate" classname="admintestcase.Smoketest_Adminapp" time="12.48"/>
  <testcase name="groupdelete" classname="admintestcase.Smoketest_Adminapp" time="14.509"/>
  <testcase name="gradesettingcreate" classname="admintestcase.Smoketest_Adminapp" time="23.318"/>
  <testcase name="gradesettingdelete" classname="admintestcase.Smoketest_Adminapp" time="11.36"/>
  <testcase name="signoutstarelabs" classname="admintestcase.Smoketest_Adminapp" time="5.425"/>
</testsuite>