<?xml version="1.0" encoding="UTF-8"?>
<testng-results ignored="0" total="8" passed="8" failed="0" skipped="0">
  <reporter-output>
  </reporter-output>
  <suite started-at="2023-05-18T15:31:09 IST" name="Suite" finished-at="2023-05-18T15:32:57 IST" duration-ms="107378">
    <groups>
    </groups>
    <test started-at="2023-05-18T15:31:09 IST" name="Test" finished-at="2023-05-18T15:32:57 IST" duration-ms="107378">
      <class name="admintestcase.Smoketest_Adminapp">
        <test-method is-config="true" signature="initial()[pri:0, instance:admintestcase.Smoketest_Adminapp@61322f9d]" started-at="2023-05-18T15:31:09 IST" name="initial" finished-at="2023-05-18T15:31:09 IST" duration-ms="135" status="PASS">
          <reporter-output>
          </reporter-output>
        </test-method> <!-- initial -->
        <test-method is-config="true" signature="setup()[pri:0, instance:admintestcase.Smoketest_Adminapp@61322f9d]" started-at="2023-05-18T15:31:09 IST" name="setup" finished-at="2023-05-18T15:31:12 IST" duration-ms="2350" status="PASS">
          <reporter-output>
          </reporter-output>
        </test-method> <!-- setup -->
        <test-method signature="adminlogin()[pri:1, instance:admintestcase.Smoketest_Adminapp@61322f9d]" started-at="2023-05-18T15:31:12 IST" name="adminlogin" finished-at="2023-05-18T15:31:18 IST" duration-ms="6471" status="PASS">
          <reporter-output>
          </reporter-output>
        </test-method> <!-- adminlogin -->
        <test-method is-config="true" signature="teardown(org.testng.ITestResult)[pri:0, instance:admintestcase.Smoketest_Adminapp@61322f9d]" started-at="2023-05-18T15:31:18 IST" name="teardown" finished-at="2023-05-18T15:31:18 IST" duration-ms="10" status="PASS">
          <params>
            <param index="0">
              <value>
                <![CDATA[[TestResult name=adminlogin status=SUCCESS method=Smoketest_Adminapp.adminlogin()[pri:1, instance:admintestcase.Smoketest_Adminapp@61322f9d] output={null}]]]>
              </value>
            </param>
          </params>
          <reporter-output>
          </reporter-output>
        </test-method> <!-- teardown -->
        <test-method signature="facultycreate()[pri:2, instance:admintestcase.Smoketest_Adminapp@61322f9d]" started-at="2023-05-18T15:31:18 IST" name="facultycreate" finished-at="2023-05-18T15:31:37 IST" duration-ms="18607" status="PASS">
          <reporter-output>
          </reporter-output>
        </test-method> <!-- facultycreate -->
        <test-method is-config="true" signature="teardown(org.testng.ITestResult)[pri:0, instance:admintestcase.Smoketest_Adminapp@61322f9d]" started-at="2023-05-18T15:31:37 IST" name="teardown" finished-at="2023-05-18T15:31:37 IST" duration-ms="0" status="PASS">
          <params>
            <param index="0">
              <value>
                <![CDATA[[TestResult name=facultycreate status=SUCCESS method=Smoketest_Adminapp.facultycreate()[pri:2, instance:admintestcase.Smoketest_Adminapp@61322f9d] output={null}]]]>
              </value>
            </param>
          </params>
          <reporter-output>
          </reporter-output>
        </test-method> <!-- teardown -->
        <test-method signature="studentcreate()[pri:3, instance:admintestcase.Smoketest_Adminapp@61322f9d]" started-at="2023-05-18T15:31:37 IST" name="studentcreate" finished-at="2023-05-18T15:31:50 IST" duration-ms="12799" status="PASS">
          <reporter-output>
          </reporter-output>
        </test-method> <!-- studentcreate -->
        <test-method is-config="true" signature="teardown(org.testng.ITestResult)[pri:0, instance:admintestcase.Smoketest_Adminapp@61322f9d]" started-at="2023-05-18T15:31:50 IST" name="teardown" finished-at="2023-05-18T15:31:50 IST" duration-ms="1" status="PASS">
          <params>
            <param index="0">
              <value>
                <![CDATA[[TestResult name=studentcreate status=SUCCESS method=Smoketest_Adminapp.studentcreate()[pri:3, instance:admintestcase.Smoketest_Adminapp@61322f9d] output={null}]]]>
              </value>
            </param>
          </params>
          <reporter-output>
          </reporter-output>
        </test-method> <!-- teardown -->
        <test-method signature="groupcreate()[pri:4, instance:admintestcase.Smoketest_Adminapp@61322f9d]" started-at="2023-05-18T15:31:50 IST" name="groupcreate" finished-at="2023-05-18T15:32:02 IST" duration-ms="12480" status="PASS">
          <reporter-output>
          </reporter-output>
        </test-method> <!-- groupcreate -->
        <test-method is-config="true" signature="teardown(org.testng.ITestResult)[pri:0, instance:admintestcase.Smoketest_Adminapp@61322f9d]" started-at="2023-05-18T15:32:02 IST" name="teardown" finished-at="2023-05-18T15:32:02 IST" duration-ms="1" status="PASS">
          <params>
            <param index="0">
              <value>
                <![CDATA[[TestResult name=groupcreate status=SUCCESS method=Smoketest_Adminapp.groupcreate()[pri:4, instance:admintestcase.Smoketest_Adminapp@61322f9d] output={null}]]]>
              </value>
            </param>
          </params>
          <reporter-output>
          </reporter-output>
        </test-method> <!-- teardown -->
        <test-method signature="groupdelete()[pri:5, instance:admintestcase.Smoketest_Adminapp@61322f9d]" started-at="2023-05-18T15:32:02 IST" name="groupdelete" finished-at="2023-05-18T15:32:17 IST" duration-ms="14508" status="PASS">
          <reporter-output>
          </reporter-output>
        </test-method> <!-- groupdelete -->
        <test-method is-config="true" signature="teardown(org.testng.ITestResult)[pri:0, instance:admintestcase.Smoketest_Adminapp@61322f9d]" started-at="2023-05-18T15:32:17 IST" name="teardown" finished-at="2023-05-18T15:32:17 IST" duration-ms="0" status="PASS">
          <params>
            <param index="0">
              <value>
                <![CDATA[[TestResult name=groupdelete status=SUCCESS method=Smoketest_Adminapp.groupdelete()[pri:5, instance:admintestcase.Smoketest_Adminapp@61322f9d] output={null}]]]>
              </value>
            </param>
          </params>
          <reporter-output>
          </reporter-output>
        </test-method> <!-- teardown -->
        <test-method signature="gradesettingcreate()[pri:6, instance:admintestcase.Smoketest_Adminapp@61322f9d]" started-at="2023-05-18T15:32:17 IST" name="gradesettingcreate" finished-at="2023-05-18T15:32:40 IST" duration-ms="23318" status="PASS">
          <reporter-output>
          </reporter-output>
        </test-method> <!-- gradesettingcreate -->
        <test-method is-config="true" signature="teardown(org.testng.ITestResult)[pri:0, instance:admintestcase.Smoketest_Adminapp@61322f9d]" started-at="2023-05-18T15:32:40 IST" name="teardown" finished-at="2023-05-18T15:32:40 IST" duration-ms="0" status="PASS">
          <params>
            <param index="0">
              <value>
                <![CDATA[[TestResult name=gradesettingcreate status=SUCCESS method=Smoketest_Adminapp.gradesettingcreate()[pri:6, instance:admintestcase.Smoketest_Adminapp@61322f9d] output={null}]]]>
              </value>
            </param>
          </params>
          <reporter-output>
          </reporter-output>
        </test-method> <!-- teardown -->
        <test-method signature="gradesettingdelete()[pri:7, instance:admintestcase.Smoketest_Adminapp@61322f9d]" started-at="2023-05-18T15:32:40 IST" name="gradesettingdelete" finished-at="2023-05-18T15:32:51 IST" duration-ms="11361" status="PASS">
          <reporter-output>
          </reporter-output>
        </test-method> <!-- gradesettingdelete -->
        <test-method is-config="true" signature="teardown(org.testng.ITestResult)[pri:0, instance:admintestcase.Smoketest_Adminapp@61322f9d]" started-at="2023-05-18T15:32:51 IST" name="teardown" finished-at="2023-05-18T15:32:51 IST" duration-ms="0" status="PASS">
          <params>
            <param index="0">
              <value>
                <![CDATA[[TestResult name=gradesettingdelete status=SUCCESS method=Smoketest_Adminapp.gradesettingdelete()[pri:7, instance:admintestcase.Smoketest_Adminapp@61322f9d] output={null}]]]>
              </value>
            </param>
          </params>
          <reporter-output>
          </reporter-output>
        </test-method> <!-- teardown -->
        <test-method signature="signoutstarelabs()[pri:8, instance:admintestcase.Smoketest_Adminapp@61322f9d]" started-at="2023-05-18T15:32:51 IST" name="signoutstarelabs" finished-at="2023-05-18T15:32:57 IST" duration-ms="5424" status="PASS">
          <reporter-output>
          </reporter-output>
        </test-method> <!-- signoutstarelabs -->
        <test-method is-config="true" signature="teardown(org.testng.ITestResult)[pri:0, instance:admintestcase.Smoketest_Adminapp@61322f9d]" started-at="2023-05-18T15:32:57 IST" name="teardown" finished-at="2023-05-18T15:32:57 IST" duration-ms="0" status="PASS">
          <params>
            <param index="0">
              <value>
                <![CDATA[[TestResult name=signoutstarelabs status=SUCCESS method=Smoketest_Adminapp.signoutstarelabs()[pri:8, instance:admintestcase.Smoketest_Adminapp@61322f9d] output={null}]]]>
              </value>
            </param>
          </params>
          <reporter-output>
          </reporter-output>
        </test-method> <!-- teardown -->
        <test-method is-config="true" signature="tearDown()[pri:0, instance:admintestcase.Smoketest_Adminapp@61322f9d]" started-at="2023-05-18T15:32:57 IST" name="tearDown" finished-at="2023-05-18T15:32:57 IST" duration-ms="178" status="PASS">
          <reporter-output>
          </reporter-output>
        </test-method> <!-- tearDown -->
      </class> <!-- admintestcase.Smoketest_Adminapp -->
    </test> <!-- Test -->
  </suite> <!-- Suite -->
</testng-results>
