<?xml version="1.0" encoding="UTF-8"?>
<testng-results ignored="0" total="10" passed="10" failed="0" skipped="0">
  <reporter-output>
  </reporter-output>
  <suite started-at="2023-06-19T18:05:02 IST" name="Default suite" finished-at="2023-06-19T18:07:18 IST" duration-ms="136440">
    <groups>
    </groups>
    <test started-at="2023-06-19T18:05:02 IST" name="Default test" finished-at="2023-06-19T18:07:18 IST" duration-ms="136440">
      <class name="facultytestcase.Smoketest_Facultyapp">
        <test-method is-config="true" signature="initial()[pri:0, instance:facultytestcase.Smoketest_Facultyapp@15aab8c6]" started-at="2023-06-19T18:05:02 IST" name="initial" finished-at="2023-06-19T18:05:02 IST" duration-ms="118" status="PASS">
          <reporter-output>
          </reporter-output>
        </test-method> <!-- initial -->
        <test-method is-config="true" signature="setup()[pri:0, instance:facultytestcase.Smoketest_Facultyapp@15aab8c6]" started-at="2023-06-19T18:05:02 IST" name="setup" finished-at="2023-06-19T18:05:05 IST" duration-ms="2988" status="PASS">
          <reporter-output>
          </reporter-output>
        </test-method> <!-- setup -->
        <test-method signature="Facultylogin()[pri:1, instance:facultytestcase.Smoketest_Facultyapp@15aab8c6]" started-at="2023-06-19T18:05:05 IST" name="Facultylogin" finished-at="2023-06-19T18:05:11 IST" duration-ms="6412" status="PASS">
          <reporter-output>
          </reporter-output>
        </test-method> <!-- Facultylogin -->
        <test-method is-config="true" signature="teardown(org.testng.ITestResult)[pri:0, instance:facultytestcase.Smoketest_Facultyapp@15aab8c6]" started-at="2023-06-19T18:05:11 IST" name="teardown" finished-at="2023-06-19T18:05:11 IST" duration-ms="12" status="PASS">
          <params>
            <param index="0">
              <value>
                <![CDATA[[TestResult name=Facultylogin status=SUCCESS method=Smoketest_Facultyapp.Facultylogin()[pri:1, instance:facultytestcase.Smoketest_Facultyapp@15aab8c6] output={null}]]]>
              </value>
            </param>
          </params>
          <reporter-output>
          </reporter-output>
        </test-method> <!-- teardown -->
        <test-method signature="studentcreate()[pri:2, instance:facultytestcase.Smoketest_Facultyapp@15aab8c6]" started-at="2023-06-19T18:05:11 IST" name="studentcreate" finished-at="2023-06-19T18:05:24 IST" duration-ms="12848" status="PASS">
          <reporter-output>
          </reporter-output>
        </test-method> <!-- studentcreate -->
        <test-method is-config="true" signature="teardown(org.testng.ITestResult)[pri:0, instance:facultytestcase.Smoketest_Facultyapp@15aab8c6]" started-at="2023-06-19T18:05:24 IST" name="teardown" finished-at="2023-06-19T18:05:24 IST" duration-ms="1" status="PASS">
          <params>
            <param index="0">
              <value>
                <![CDATA[[TestResult name=studentcreate status=SUCCESS method=Smoketest_Facultyapp.studentcreate()[pri:2, instance:facultytestcase.Smoketest_Facultyapp@15aab8c6] output={null}]]]>
              </value>
            </param>
          </params>
          <reporter-output>
          </reporter-output>
        </test-method> <!-- teardown -->
        <test-method signature="groupcreate()[pri:3, instance:facultytestcase.Smoketest_Facultyapp@15aab8c6]" started-at="2023-06-19T18:05:24 IST" name="groupcreate" finished-at="2023-06-19T18:05:37 IST" duration-ms="12391" status="PASS">
          <reporter-output>
          </reporter-output>
        </test-method> <!-- groupcreate -->
        <test-method is-config="true" signature="teardown(org.testng.ITestResult)[pri:0, instance:facultytestcase.Smoketest_Facultyapp@15aab8c6]" started-at="2023-06-19T18:05:37 IST" name="teardown" finished-at="2023-06-19T18:05:37 IST" duration-ms="1" status="PASS">
          <params>
            <param index="0">
              <value>
                <![CDATA[[TestResult name=groupcreate status=SUCCESS method=Smoketest_Facultyapp.groupcreate()[pri:3, instance:facultytestcase.Smoketest_Facultyapp@15aab8c6] output={null}]]]>
              </value>
            </param>
          </params>
          <reporter-output>
          </reporter-output>
        </test-method> <!-- teardown -->
        <test-method signature="groupdelete()[pri:4, instance:facultytestcase.Smoketest_Facultyapp@15aab8c6]" started-at="2023-06-19T18:05:37 IST" name="groupdelete" finished-at="2023-06-19T18:05:51 IST" duration-ms="14503" status="PASS">
          <reporter-output>
          </reporter-output>
        </test-method> <!-- groupdelete -->
        <test-method is-config="true" signature="teardown(org.testng.ITestResult)[pri:0, instance:facultytestcase.Smoketest_Facultyapp@15aab8c6]" started-at="2023-06-19T18:05:51 IST" name="teardown" finished-at="2023-06-19T18:05:51 IST" duration-ms="1" status="PASS">
          <params>
            <param index="0">
              <value>
                <![CDATA[[TestResult name=groupdelete status=SUCCESS method=Smoketest_Facultyapp.groupdelete()[pri:4, instance:facultytestcase.Smoketest_Facultyapp@15aab8c6] output={null}]]]>
              </value>
            </param>
          </params>
          <reporter-output>
          </reporter-output>
        </test-method> <!-- teardown -->
        <test-method signature="curriculumcreate()[pri:5, instance:facultytestcase.Smoketest_Facultyapp@15aab8c6]" started-at="2023-06-19T18:05:51 IST" name="curriculumcreate" finished-at="2023-06-19T18:06:13 IST" duration-ms="22213" status="PASS">
          <reporter-output>
          </reporter-output>
        </test-method> <!-- curriculumcreate -->
        <test-method is-config="true" signature="teardown(org.testng.ITestResult)[pri:0, instance:facultytestcase.Smoketest_Facultyapp@15aab8c6]" started-at="2023-06-19T18:06:13 IST" name="teardown" finished-at="2023-06-19T18:06:13 IST" duration-ms="1" status="PASS">
          <params>
            <param index="0">
              <value>
                <![CDATA[[TestResult name=curriculumcreate status=SUCCESS method=Smoketest_Facultyapp.curriculumcreate()[pri:5, instance:facultytestcase.Smoketest_Facultyapp@15aab8c6] output={null}]]]>
              </value>
            </param>
          </params>
          <reporter-output>
          </reporter-output>
        </test-method> <!-- teardown -->
        <test-method signature="curriculumassign()[pri:6, instance:facultytestcase.Smoketest_Facultyapp@15aab8c6]" started-at="2023-06-19T18:06:13 IST" name="curriculumassign" finished-at="2023-06-19T18:06:28 IST" duration-ms="14452" status="PASS">
          <reporter-output>
          </reporter-output>
        </test-method> <!-- curriculumassign -->
        <test-method is-config="true" signature="teardown(org.testng.ITestResult)[pri:0, instance:facultytestcase.Smoketest_Facultyapp@15aab8c6]" started-at="2023-06-19T18:06:28 IST" name="teardown" finished-at="2023-06-19T18:06:28 IST" duration-ms="1" status="PASS">
          <params>
            <param index="0">
              <value>
                <![CDATA[[TestResult name=curriculumassign status=SUCCESS method=Smoketest_Facultyapp.curriculumassign()[pri:6, instance:facultytestcase.Smoketest_Facultyapp@15aab8c6] output={null}]]]>
              </value>
            </param>
          </params>
          <reporter-output>
          </reporter-output>
        </test-method> <!-- teardown -->
        <test-method signature="materialuploadcurriculum()[pri:7, instance:facultytestcase.Smoketest_Facultyapp@15aab8c6]" started-at="2023-06-19T18:06:28 IST" name="materialuploadcurriculum" finished-at="2023-06-19T18:06:44 IST" duration-ms="16184" status="PASS">
          <reporter-output>
          </reporter-output>
        </test-method> <!-- materialuploadcurriculum -->
        <test-method is-config="true" signature="teardown(org.testng.ITestResult)[pri:0, instance:facultytestcase.Smoketest_Facultyapp@15aab8c6]" started-at="2023-06-19T18:06:44 IST" name="teardown" finished-at="2023-06-19T18:06:44 IST" duration-ms="1" status="PASS">
          <params>
            <param index="0">
              <value>
                <![CDATA[[TestResult name=materialuploadcurriculum status=SUCCESS method=Smoketest_Facultyapp.materialuploadcurriculum()[pri:7, instance:facultytestcase.Smoketest_Facultyapp@15aab8c6] output={null}]]]>
              </value>
            </param>
          </params>
          <reporter-output>
          </reporter-output>
        </test-method> <!-- teardown -->
        <test-method signature="learningpathcurriculum()[pri:8, instance:facultytestcase.Smoketest_Facultyapp@15aab8c6]" started-at="2023-06-19T18:06:44 IST" name="learningpathcurriculum" finished-at="2023-06-19T18:07:01 IST" duration-ms="16708" status="PASS">
          <reporter-output>
          </reporter-output>
        </test-method> <!-- learningpathcurriculum -->
        <test-method is-config="true" signature="teardown(org.testng.ITestResult)[pri:0, instance:facultytestcase.Smoketest_Facultyapp@15aab8c6]" started-at="2023-06-19T18:07:01 IST" name="teardown" finished-at="2023-06-19T18:07:01 IST" duration-ms="1" status="PASS">
          <params>
            <param index="0">
              <value>
                <![CDATA[[TestResult name=learningpathcurriculum status=SUCCESS method=Smoketest_Facultyapp.learningpathcurriculum()[pri:8, instance:facultytestcase.Smoketest_Facultyapp@15aab8c6] output={null}]]]>
              </value>
            </param>
          </params>
          <reporter-output>
          </reporter-output>
        </test-method> <!-- teardown -->
        <test-method signature="deletecurriculum()[pri:9, instance:facultytestcase.Smoketest_Facultyapp@15aab8c6]" started-at="2023-06-19T18:07:01 IST" name="deletecurriculum" finished-at="2023-06-19T18:07:13 IST" duration-ms="12424" status="PASS">
          <reporter-output>
          </reporter-output>
        </test-method> <!-- deletecurriculum -->
        <test-method is-config="true" signature="teardown(org.testng.ITestResult)[pri:0, instance:facultytestcase.Smoketest_Facultyapp@15aab8c6]" started-at="2023-06-19T18:07:13 IST" name="teardown" finished-at="2023-06-19T18:07:13 IST" duration-ms="0" status="PASS">
          <params>
            <param index="0">
              <value>
                <![CDATA[[TestResult name=deletecurriculum status=SUCCESS method=Smoketest_Facultyapp.deletecurriculum()[pri:9, instance:facultytestcase.Smoketest_Facultyapp@15aab8c6] output={null}]]]>
              </value>
            </param>
          </params>
          <reporter-output>
          </reporter-output>
        </test-method> <!-- teardown -->
        <test-method signature="signoutstarelabs()[pri:10, instance:facultytestcase.Smoketest_Facultyapp@15aab8c6]" started-at="2023-06-19T18:07:13 IST" name="signoutstarelabs" finished-at="2023-06-19T18:07:18 IST" duration-ms="5250" status="PASS">
          <reporter-output>
          </reporter-output>
        </test-method> <!-- signoutstarelabs -->
        <test-method is-config="true" signature="teardown(org.testng.ITestResult)[pri:0, instance:facultytestcase.Smoketest_Facultyapp@15aab8c6]" started-at="2023-06-19T18:07:18 IST" name="teardown" finished-at="2023-06-19T18:07:18 IST" duration-ms="0" status="PASS">
          <params>
            <param index="0">
              <value>
                <![CDATA[[TestResult name=signoutstarelabs status=SUCCESS method=Smoketest_Facultyapp.signoutstarelabs()[pri:10, instance:facultytestcase.Smoketest_Facultyapp@15aab8c6] output={null}]]]>
              </value>
            </param>
          </params>
          <reporter-output>
          </reporter-output>
        </test-method> <!-- teardown -->
        <test-method is-config="true" signature="tearDown()[pri:0, instance:facultytestcase.Smoketest_Facultyapp@15aab8c6]" started-at="2023-06-19T18:07:18 IST" name="tearDown" finished-at="2023-06-19T18:07:19 IST" duration-ms="194" status="PASS">
          <reporter-output>
          </reporter-output>
        </test-method> <!-- tearDown -->
      </class> <!-- facultytestcase.Smoketest_Facultyapp -->
    </test> <!-- Default test -->
  </suite> <!-- Default suite -->
</testng-results>
