<?xml version="1.0" encoding="UTF-8"?>
<testng-results ignored="0" total="14" passed="14" failed="0" skipped="0">
  <reporter-output>
  </reporter-output>
  <suite started-at="2023-06-01T13:13:42 IST" name="Suite" finished-at="2023-06-01T13:16:34 IST" duration-ms="171677">
    <groups>
    </groups>
    <test started-at="2023-06-01T13:13:42 IST" name="Test" finished-at="2023-06-01T13:16:34 IST" duration-ms="171677">
      <class name="admintestcase.Smoketest_Adminapp">
        <test-method is-config="true" signature="initial()[pri:0, instance:admintestcase.Smoketest_Adminapp@78123e82]" started-at="2023-06-01T13:13:42 IST" name="initial" finished-at="2023-06-01T13:13:42 IST" duration-ms="113" status="PASS">
          <reporter-output>
          </reporter-output>
        </test-method> <!-- initial -->
        <test-method is-config="true" signature="setup()[pri:0, instance:admintestcase.Smoketest_Adminapp@78123e82]" started-at="2023-06-01T13:13:42 IST" name="setup" finished-at="2023-06-01T13:13:46 IST" duration-ms="3689" status="PASS">
          <reporter-output>
          </reporter-output>
        </test-method> <!-- setup -->
        <test-method signature="adminlogin()[pri:1, instance:admintestcase.Smoketest_Adminapp@78123e82]" started-at="2023-06-01T13:13:46 IST" name="adminlogin" finished-at="2023-06-01T13:13:53 IST" duration-ms="6495" status="PASS">
          <reporter-output>
          </reporter-output>
        </test-method> <!-- adminlogin -->
        <test-method is-config="true" signature="teardown(org.testng.ITestResult)[pri:0, instance:admintestcase.Smoketest_Adminapp@78123e82]" started-at="2023-06-01T13:13:53 IST" name="teardown" finished-at="2023-06-01T13:13:53 IST" duration-ms="8" status="PASS">
          <params>
            <param index="0">
              <value>
                <![CDATA[[TestResult name=adminlogin status=SUCCESS method=Smoketest_Adminapp.adminlogin()[pri:1, instance:admintestcase.Smoketest_Adminapp@78123e82] output={null}]]]>
              </value>
            </param>
          </params>
          <reporter-output>
          </reporter-output>
        </test-method> <!-- teardown -->
        <test-method signature="facultycreate()[pri:2, instance:admintestcase.Smoketest_Adminapp@78123e82]" started-at="2023-06-01T13:13:53 IST" name="facultycreate" finished-at="2023-06-01T13:14:11 IST" duration-ms="18217" status="PASS">
          <reporter-output>
          </reporter-output>
        </test-method> <!-- facultycreate -->
        <test-method is-config="true" signature="teardown(org.testng.ITestResult)[pri:0, instance:admintestcase.Smoketest_Adminapp@78123e82]" started-at="2023-06-01T13:14:11 IST" name="teardown" finished-at="2023-06-01T13:14:11 IST" duration-ms="1" status="PASS">
          <params>
            <param index="0">
              <value>
                <![CDATA[[TestResult name=facultycreate status=SUCCESS method=Smoketest_Adminapp.facultycreate()[pri:2, instance:admintestcase.Smoketest_Adminapp@78123e82] output={null}]]]>
              </value>
            </param>
          </params>
          <reporter-output>
          </reporter-output>
        </test-method> <!-- teardown -->
        <test-method signature="studentcreate()[pri:3, instance:admintestcase.Smoketest_Adminapp@78123e82]" started-at="2023-06-01T13:14:11 IST" name="studentcreate" finished-at="2023-06-01T13:14:24 IST" duration-ms="12889" status="PASS">
          <reporter-output>
          </reporter-output>
        </test-method> <!-- studentcreate -->
        <test-method is-config="true" signature="teardown(org.testng.ITestResult)[pri:0, instance:admintestcase.Smoketest_Adminapp@78123e82]" started-at="2023-06-01T13:14:24 IST" name="teardown" finished-at="2023-06-01T13:14:24 IST" duration-ms="0" status="PASS">
          <params>
            <param index="0">
              <value>
                <![CDATA[[TestResult name=studentcreate status=SUCCESS method=Smoketest_Adminapp.studentcreate()[pri:3, instance:admintestcase.Smoketest_Adminapp@78123e82] output={null}]]]>
              </value>
            </param>
          </params>
          <reporter-output>
          </reporter-output>
        </test-method> <!-- teardown -->
        <test-method signature="groupcreate()[pri:4, instance:admintestcase.Smoketest_Adminapp@78123e82]" started-at="2023-06-01T13:14:24 IST" name="groupcreate" finished-at="2023-06-01T13:14:36 IST" duration-ms="12443" status="PASS">
          <reporter-output>
          </reporter-output>
        </test-method> <!-- groupcreate -->
        <test-method is-config="true" signature="teardown(org.testng.ITestResult)[pri:0, instance:admintestcase.Smoketest_Adminapp@78123e82]" started-at="2023-06-01T13:14:36 IST" name="teardown" finished-at="2023-06-01T13:14:36 IST" duration-ms="1" status="PASS">
          <params>
            <param index="0">
              <value>
                <![CDATA[[TestResult name=groupcreate status=SUCCESS method=Smoketest_Adminapp.groupcreate()[pri:4, instance:admintestcase.Smoketest_Adminapp@78123e82] output={null}]]]>
              </value>
            </param>
          </params>
          <reporter-output>
          </reporter-output>
        </test-method> <!-- teardown -->
        <test-method signature="groupdelete()[pri:5, instance:admintestcase.Smoketest_Adminapp@78123e82]" started-at="2023-06-01T13:14:36 IST" name="groupdelete" finished-at="2023-06-01T13:14:51 IST" duration-ms="14572" status="PASS">
          <reporter-output>
          </reporter-output>
        </test-method> <!-- groupdelete -->
        <test-method is-config="true" signature="teardown(org.testng.ITestResult)[pri:0, instance:admintestcase.Smoketest_Adminapp@78123e82]" started-at="2023-06-01T13:14:51 IST" name="teardown" finished-at="2023-06-01T13:14:51 IST" duration-ms="1" status="PASS">
          <params>
            <param index="0">
              <value>
                <![CDATA[[TestResult name=groupdelete status=SUCCESS method=Smoketest_Adminapp.groupdelete()[pri:5, instance:admintestcase.Smoketest_Adminapp@78123e82] output={null}]]]>
              </value>
            </param>
          </params>
          <reporter-output>
          </reporter-output>
        </test-method> <!-- teardown -->
        <test-method signature="gradesettingcreate()[pri:6, instance:admintestcase.Smoketest_Adminapp@78123e82]" started-at="2023-06-01T13:14:51 IST" name="gradesettingcreate" finished-at="2023-06-01T13:15:05 IST" duration-ms="14618" status="PASS">
          <reporter-output>
          </reporter-output>
        </test-method> <!-- gradesettingcreate -->
        <test-method is-config="true" signature="teardown(org.testng.ITestResult)[pri:0, instance:admintestcase.Smoketest_Adminapp@78123e82]" started-at="2023-06-01T13:15:05 IST" name="teardown" finished-at="2023-06-01T13:15:05 IST" duration-ms="1" status="PASS">
          <params>
            <param index="0">
              <value>
                <![CDATA[[TestResult name=gradesettingcreate status=SUCCESS method=Smoketest_Adminapp.gradesettingcreate()[pri:6, instance:admintestcase.Smoketest_Adminapp@78123e82] output={null}]]]>
              </value>
            </param>
          </params>
          <reporter-output>
          </reporter-output>
        </test-method> <!-- teardown -->
        <test-method signature="gradesettingdelete()[pri:7, instance:admintestcase.Smoketest_Adminapp@78123e82]" started-at="2023-06-01T13:15:05 IST" name="gradesettingdelete" finished-at="2023-06-01T13:15:16 IST" duration-ms="10336" status="PASS">
          <reporter-output>
          </reporter-output>
        </test-method> <!-- gradesettingdelete -->
        <test-method is-config="true" signature="teardown(org.testng.ITestResult)[pri:0, instance:admintestcase.Smoketest_Adminapp@78123e82]" started-at="2023-06-01T13:15:16 IST" name="teardown" finished-at="2023-06-01T13:15:16 IST" duration-ms="1" status="PASS">
          <params>
            <param index="0">
              <value>
                <![CDATA[[TestResult name=gradesettingdelete status=SUCCESS method=Smoketest_Adminapp.gradesettingdelete()[pri:7, instance:admintestcase.Smoketest_Adminapp@78123e82] output={null}]]]>
              </value>
            </param>
          </params>
          <reporter-output>
          </reporter-output>
        </test-method> <!-- teardown -->
        <test-method signature="labenquiry()[pri:8, instance:admintestcase.Smoketest_Adminapp@78123e82]" started-at="2023-06-01T13:15:16 IST" name="labenquiry" finished-at="2023-06-01T13:15:23 IST" duration-ms="7521" status="PASS">
          <reporter-output>
          </reporter-output>
        </test-method> <!-- labenquiry -->
        <test-method is-config="true" signature="teardown(org.testng.ITestResult)[pri:0, instance:admintestcase.Smoketest_Adminapp@78123e82]" started-at="2023-06-01T13:15:23 IST" name="teardown" finished-at="2023-06-01T13:15:23 IST" duration-ms="0" status="PASS">
          <params>
            <param index="0">
              <value>
                <![CDATA[[TestResult name=labenquiry status=SUCCESS method=Smoketest_Adminapp.labenquiry()[pri:8, instance:admintestcase.Smoketest_Adminapp@78123e82] output={null}]]]>
              </value>
            </param>
          </params>
          <reporter-output>
          </reporter-output>
        </test-method> <!-- teardown -->
        <test-method signature="curriculumcreate()[pri:9, instance:admintestcase.Smoketest_Adminapp@78123e82]" started-at="2023-06-01T13:15:23 IST" name="curriculumcreate" finished-at="2023-06-01T13:15:44 IST" duration-ms="20703" status="PASS">
          <reporter-output>
          </reporter-output>
        </test-method> <!-- curriculumcreate -->
        <test-method is-config="true" signature="teardown(org.testng.ITestResult)[pri:0, instance:admintestcase.Smoketest_Adminapp@78123e82]" started-at="2023-06-01T13:15:44 IST" name="teardown" finished-at="2023-06-01T13:15:44 IST" duration-ms="1" status="PASS">
          <params>
            <param index="0">
              <value>
                <![CDATA[[TestResult name=curriculumcreate status=SUCCESS method=Smoketest_Adminapp.curriculumcreate()[pri:9, instance:admintestcase.Smoketest_Adminapp@78123e82] output={null}]]]>
              </value>
            </param>
          </params>
          <reporter-output>
          </reporter-output>
        </test-method> <!-- teardown -->
        <test-method signature="curriculumassign()[pri:10, instance:admintestcase.Smoketest_Adminapp@78123e82]" started-at="2023-06-01T13:15:44 IST" name="curriculumassign" finished-at="2023-06-01T13:15:55 IST" duration-ms="11255" status="PASS">
          <reporter-output>
          </reporter-output>
        </test-method> <!-- curriculumassign -->
        <test-method is-config="true" signature="teardown(org.testng.ITestResult)[pri:0, instance:admintestcase.Smoketest_Adminapp@78123e82]" started-at="2023-06-01T13:15:55 IST" name="teardown" finished-at="2023-06-01T13:15:55 IST" duration-ms="0" status="PASS">
          <params>
            <param index="0">
              <value>
                <![CDATA[[TestResult name=curriculumassign status=SUCCESS method=Smoketest_Adminapp.curriculumassign()[pri:10, instance:admintestcase.Smoketest_Adminapp@78123e82] output={null}]]]>
              </value>
            </param>
          </params>
          <reporter-output>
          </reporter-output>
        </test-method> <!-- teardown -->
        <test-method signature="materialuploadcurriculum()[pri:11, instance:admintestcase.Smoketest_Adminapp@78123e82]" started-at="2023-06-01T13:15:55 IST" name="materialuploadcurriculum" finished-at="2023-06-01T13:16:07 IST" duration-ms="12160" status="PASS">
          <reporter-output>
          </reporter-output>
        </test-method> <!-- materialuploadcurriculum -->
        <test-method is-config="true" signature="teardown(org.testng.ITestResult)[pri:0, instance:admintestcase.Smoketest_Adminapp@78123e82]" started-at="2023-06-01T13:16:07 IST" name="teardown" finished-at="2023-06-01T13:16:07 IST" duration-ms="1" status="PASS">
          <params>
            <param index="0">
              <value>
                <![CDATA[[TestResult name=materialuploadcurriculum status=SUCCESS method=Smoketest_Adminapp.materialuploadcurriculum()[pri:11, instance:admintestcase.Smoketest_Adminapp@78123e82] output={null}]]]>
              </value>
            </param>
          </params>
          <reporter-output>
          </reporter-output>
        </test-method> <!-- teardown -->
        <test-method signature="learningpathcurriculum()[pri:12, instance:admintestcase.Smoketest_Adminapp@78123e82]" started-at="2023-06-01T13:16:07 IST" name="learningpathcurriculum" finished-at="2023-06-01T13:16:20 IST" duration-ms="12501" status="PASS">
          <reporter-output>
          </reporter-output>
        </test-method> <!-- learningpathcurriculum -->
        <test-method is-config="true" signature="teardown(org.testng.ITestResult)[pri:0, instance:admintestcase.Smoketest_Adminapp@78123e82]" started-at="2023-06-01T13:16:20 IST" name="teardown" finished-at="2023-06-01T13:16:20 IST" duration-ms="2" status="PASS">
          <params>
            <param index="0">
              <value>
                <![CDATA[[TestResult name=learningpathcurriculum status=SUCCESS method=Smoketest_Adminapp.learningpathcurriculum()[pri:12, instance:admintestcase.Smoketest_Adminapp@78123e82] output={null}]]]>
              </value>
            </param>
          </params>
          <reporter-output>
          </reporter-output>
        </test-method> <!-- teardown -->
        <test-method signature="deletecurriculum()[pri:13, instance:admintestcase.Smoketest_Adminapp@78123e82]" started-at="2023-06-01T13:16:20 IST" name="deletecurriculum" finished-at="2023-06-01T13:16:29 IST" duration-ms="8916" status="PASS">
          <reporter-output>
          </reporter-output>
        </test-method> <!-- deletecurriculum -->
        <test-method is-config="true" signature="teardown(org.testng.ITestResult)[pri:0, instance:admintestcase.Smoketest_Adminapp@78123e82]" started-at="2023-06-01T13:16:29 IST" name="teardown" finished-at="2023-06-01T13:16:29 IST" duration-ms="0" status="PASS">
          <params>
            <param index="0">
              <value>
                <![CDATA[[TestResult name=deletecurriculum status=SUCCESS method=Smoketest_Adminapp.deletecurriculum()[pri:13, instance:admintestcase.Smoketest_Adminapp@78123e82] output={null}]]]>
              </value>
            </param>
          </params>
          <reporter-output>
          </reporter-output>
        </test-method> <!-- teardown -->
        <test-method signature="signoutstarelabs()[pri:14, instance:admintestcase.Smoketest_Adminapp@78123e82]" started-at="2023-06-01T13:16:29 IST" name="signoutstarelabs" finished-at="2023-06-01T13:16:34 IST" duration-ms="5279" status="PASS">
          <reporter-output>
          </reporter-output>
        </test-method> <!-- signoutstarelabs -->
        <test-method is-config="true" signature="teardown(org.testng.ITestResult)[pri:0, instance:admintestcase.Smoketest_Adminapp@78123e82]" started-at="2023-06-01T13:16:34 IST" name="teardown" finished-at="2023-06-01T13:16:34 IST" duration-ms="0" status="PASS">
          <params>
            <param index="0">
              <value>
                <![CDATA[[TestResult name=signoutstarelabs status=SUCCESS method=Smoketest_Adminapp.signoutstarelabs()[pri:14, instance:admintestcase.Smoketest_Adminapp@78123e82] output={null}]]]>
              </value>
            </param>
          </params>
          <reporter-output>
          </reporter-output>
        </test-method> <!-- teardown -->
        <test-method is-config="true" signature="tearDown()[pri:0, instance:admintestcase.Smoketest_Adminapp@78123e82]" started-at="2023-06-01T13:16:34 IST" name="tearDown" finished-at="2023-06-01T13:16:34 IST" duration-ms="226" status="PASS">
          <reporter-output>
          </reporter-output>
        </test-method> <!-- tearDown -->
      </class> <!-- admintestcase.Smoketest_Adminapp -->
    </test> <!-- Test -->
  </suite> <!-- Suite -->
</testng-results>
